0 info it worked if it ends with ok
1 verbose cli [ '/usr/bin/node',
1 verbose cli   '/usr/bin/npm',
1 verbose cli   'install',
1 verbose cli   '--quiet',
1 verbose cli   '@ng-toolkit/universal' ]
2 info using npm@3.5.2
3 info using node@v8.10.0
4 silly loadCurrentTree Starting
5 silly install loadCurrentTree
6 silly install readLocalPackageData
7 silly fetchPackageMetaData @ng-toolkit/universal
8 silly fetchNamedPackageData @ng-toolkit/universal
9 silly mapToRegistry name @ng-toolkit/universal
10 silly mapToRegistry scope (from package name) @ng-toolkit
11 verbose mapToRegistry no registry URL found in name for scope @ng-toolkit
12 silly mapToRegistry using default registry
13 silly mapToRegistry registry https://registry.npmjs.org/
14 silly mapToRegistry uri https://registry.npmjs.org/@ng-toolkit%2funiversal
15 verbose request uri https://registry.npmjs.org/@ng-toolkit%2funiversal
16 verbose request no auth needed
17 info attempt registry request try #1 at 09:37:45
18 verbose request id 42409f8b836f572b
19 http request GET https://registry.npmjs.org/@ng-toolkit%2funiversal
20 http 200 https://registry.npmjs.org/@ng-toolkit%2funiversal
21 verbose headers { date: 'Thu, 05 Jul 2018 07:37:46 GMT',
21 verbose headers   'content-type': 'application/json; charset=UTF-8',
21 verbose headers   'transfer-encoding': 'chunked',
21 verbose headers   connection: 'keep-alive',
21 verbose headers   'set-cookie':
21 verbose headers    [ '__cfduid=d6b3b374faa31fd2974ae8349561340d91530776265; expires=Fri, 05-Jul-19 07:37:45 GMT; path=/; domain=.registry.npmjs.org; HttpOnly' ],
21 verbose headers   'cache-control': 'public, max-age=14400',
21 verbose headers   'cf-cache-status': 'REVALIDATED',
21 verbose headers   'cf-ray': '43582b0a8a844421-BRU',
21 verbose headers   etag: 'W/"d5f4bbf8f1c4d5b498a85d8fc2d09818"',
21 verbose headers   'expect-ct': 'max-age=604800, report-uri="https://report-uri.cloudflare.com/cdn-cgi/beacon/expect-ct"',
21 verbose headers   'last-modified': 'Thu, 28 Jun 2018 11:00:07 GMT',
21 verbose headers   vary: 'Accept-Encoding',
21 verbose headers   server: 'cloudflare',
21 verbose headers   'content-encoding': 'gzip' }
22 silly get cb [ 200,
22 silly get   { date: 'Thu, 05 Jul 2018 07:37:46 GMT',
22 silly get     'content-type': 'application/json; charset=UTF-8',
22 silly get     'transfer-encoding': 'chunked',
22 silly get     connection: 'keep-alive',
22 silly get     'set-cookie':
22 silly get      [ '__cfduid=d6b3b374faa31fd2974ae8349561340d91530776265; expires=Fri, 05-Jul-19 07:37:45 GMT; path=/; domain=.registry.npmjs.org; HttpOnly' ],
22 silly get     'cache-control': 'public, max-age=14400',
22 silly get     'cf-cache-status': 'REVALIDATED',
22 silly get     'cf-ray': '43582b0a8a844421-BRU',
22 silly get     etag: 'W/"d5f4bbf8f1c4d5b498a85d8fc2d09818"',
22 silly get     'expect-ct': 'max-age=604800, report-uri="https://report-uri.cloudflare.com/cdn-cgi/beacon/expect-ct"',
22 silly get     'last-modified': 'Thu, 28 Jun 2018 11:00:07 GMT',
22 silly get     vary: 'Accept-Encoding',
22 silly get     server: 'cloudflare',
22 silly get     'content-encoding': 'gzip' } ]
23 verbose get saving @ng-toolkit/universal to /home/niels/.npm/registry.npmjs.org/_40ng-toolkit_252funiversal/.cache.json
24 silly install normalizeTree
25 silly loadCurrentTree Finishing
26 silly loadIdealTree Starting
27 silly install loadIdealTree
28 silly cloneCurrentTree Starting
29 silly install cloneCurrentTreeToIdealTree
30 silly cloneCurrentTree Finishing
31 silly loadShrinkwrap Starting
32 silly install loadShrinkwrap
33 silly loadShrinkwrap Finishing
34 silly loadAllDepsIntoIdealTree Starting
35 silly install loadAllDepsIntoIdealTree
36 silly resolveWithNewModule @ng-toolkit/universal@1.1.31 checking installable status
37 silly cache add args [ '@ng-toolkit/universal', null ]
38 verbose cache add spec @ng-toolkit/universal
39 silly cache add parsed spec Result {
39 silly cache add   raw: '@ng-toolkit/universal',
39 silly cache add   scope: '@ng-toolkit',
39 silly cache add   name: '@ng-toolkit/universal',
39 silly cache add   rawSpec: '',
39 silly cache add   spec: 'latest',
39 silly cache add   type: 'tag' }
40 silly addNamed @ng-toolkit/universal@latest
41 verbose addNamed "latest" is being treated as a dist-tag for @ng-toolkit/universal
42 info addNameTag [ '@ng-toolkit/universal', 'latest' ]
43 silly mapToRegistry name @ng-toolkit/universal
44 silly mapToRegistry scope (from package name) @ng-toolkit
45 verbose mapToRegistry no registry URL found in name for scope @ng-toolkit
46 silly mapToRegistry using default registry
47 silly mapToRegistry registry https://registry.npmjs.org/
48 silly mapToRegistry uri https://registry.npmjs.org/@ng-toolkit%2funiversal
49 verbose addNameTag registry:https://registry.npmjs.org/@ng-toolkit%2funiversal not in flight; fetching
50 verbose get https://registry.npmjs.org/@ng-toolkit%2funiversal not expired, no request
51 silly addNameTag next cb for @ng-toolkit/universal with tag latest
52 silly addNamed @ng-toolkit/universal@1.1.31
53 verbose addNamed "1.1.31" is a plain semver version for @ng-toolkit/universal
54 silly mapToRegistry name @ng-toolkit/universal
55 silly mapToRegistry scope (from package name) @ng-toolkit
56 verbose mapToRegistry no registry URL found in name for scope @ng-toolkit
57 silly mapToRegistry using default registry
58 silly mapToRegistry registry https://registry.npmjs.org/
59 silly mapToRegistry uri https://registry.npmjs.org/@ng-toolkit%2funiversal
60 verbose addRemoteTarball https://registry.npmjs.org/@ng-toolkit/universal/-/universal-1.1.31.tgz not in flight; adding
61 verbose addRemoteTarball [ 'https://registry.npmjs.org/@ng-toolkit/universal/-/universal-1.1.31.tgz',
61 verbose addRemoteTarball   'd8a82a02676f47a1a2c9f4a3a246469879c161e1' ]
62 info retry fetch attempt 1 at 09:37:47
63 info attempt registry request try #1 at 09:37:47
64 http fetch GET https://registry.npmjs.org/@ng-toolkit/universal/-/universal-1.1.31.tgz
65 http fetch 200 https://registry.npmjs.org/@ng-toolkit/universal/-/universal-1.1.31.tgz
66 silly fetchAndShaCheck shasum d8a82a02676f47a1a2c9f4a3a246469879c161e1
67 verbose addTmpTarball /tmp/npm-6768-1a97a32c/registry.npmjs.org/_40ng-toolkit/universal/-/universal-1.1.31.tgz not in flight; adding
68 verbose addTmpTarball already have metadata; skipping unpack for @ng-toolkit/universal@1.1.31
69 silly cache afterAdd @ng-toolkit/universal@1.1.31
70 verbose afterAdd /home/niels/.npm/@ng-toolkit/universal/1.1.31/package/package.json not in flight; writing
71 verbose afterAdd /home/niels/.npm/@ng-toolkit/universal/1.1.31/package/package.json written
72 silly fetchNamedPackageData @ng-toolkit/serverless
73 silly mapToRegistry name @ng-toolkit/serverless
74 silly mapToRegistry scope (from package name) @ng-toolkit
75 verbose mapToRegistry no registry URL found in name for scope @ng-toolkit
76 silly mapToRegistry using default registry
77 silly mapToRegistry registry https://registry.npmjs.org/
78 silly mapToRegistry uri https://registry.npmjs.org/@ng-toolkit%2fserverless
79 silly fetchNamedPackageData bugsnag
80 silly mapToRegistry name bugsnag
81 silly mapToRegistry using default registry
82 silly mapToRegistry registry https://registry.npmjs.org/
83 silly mapToRegistry uri https://registry.npmjs.org/bugsnag
84 silly fetchOtherPackageData @ng-toolkit/_utils@1.1.31
85 silly cache add args [ '@ng-toolkit/_utils@1.1.31', null ]
86 verbose cache add spec @ng-toolkit/_utils@1.1.31
87 verbose request uri https://registry.npmjs.org/@ng-toolkit%2fserverless
88 verbose request no auth needed
89 info attempt registry request try #1 at 09:37:48
90 http request GET https://registry.npmjs.org/@ng-toolkit%2fserverless
91 verbose request uri https://registry.npmjs.org/bugsnag
92 verbose request no auth needed
93 info attempt registry request try #1 at 09:37:48
94 http request GET https://registry.npmjs.org/bugsnag
95 silly cache add parsed spec Result {
95 silly cache add   raw: '@ng-toolkit/_utils@1.1.31',
95 silly cache add   scope: null,
95 silly cache add   name: null,
95 silly cache add   rawSpec: '@ng-toolkit/_utils@1.1.31',
95 silly cache add   spec: '/home/niels/Documenten/Sites/ngupdate/@ng-toolkit/_utils@1.1.31',
95 silly cache add   type: 'local' }
96 error addLocal Could not install /home/niels/Documenten/Sites/ngupdate/@ng-toolkit/_utils@1.1.31
97 silly fetchPackageMetaData Error: ENOENT: no such file or directory, open '/home/niels/Documenten/Sites/ngupdate/@ng-toolkit/_utils@1.1.31'
97 silly fetchPackageMetaData  error for @ng-toolkit/_utils@1.1.31 { Error: ENOENT: no such file or directory, open '/home/niels/Documenten/Sites/ngupdate/@ng-toolkit/_utils@1.1.31'
97 silly fetchPackageMetaData   errno: -2,
97 silly fetchPackageMetaData   code: 'ENOENT',
97 silly fetchPackageMetaData   syscall: 'open',
97 silly fetchPackageMetaData   path: '/home/niels/Documenten/Sites/ngupdate/@ng-toolkit/_utils@1.1.31' }
98 http 200 https://registry.npmjs.org/@ng-toolkit%2fserverless
99 verbose headers { date: 'Thu, 05 Jul 2018 07:37:49 GMT',
99 verbose headers   'content-type': 'application/json; charset=UTF-8',
99 verbose headers   'transfer-encoding': 'chunked',
99 verbose headers   connection: 'keep-alive',
99 verbose headers   'set-cookie':
99 verbose headers    [ '__cfduid=dcb9ee1c75b410868801bacf30a6426981530776268; expires=Fri, 05-Jul-19 07:37:48 GMT; path=/; domain=.registry.npmjs.org; HttpOnly' ],
99 verbose headers   'cache-control': 'public, max-age=14400',
99 verbose headers   'cf-cache-status': 'REVALIDATED',
99 verbose headers   'cf-ray': '43582b1b3ff74421-BRU',
99 verbose headers   etag: 'W/"d4344b7292362c40af5de656180bb10e"',
99 verbose headers   'expect-ct': 'max-age=604800, report-uri="https://report-uri.cloudflare.com/cdn-cgi/beacon/expect-ct"',
99 verbose headers   'last-modified': 'Thu, 28 Jun 2018 10:58:54 GMT',
99 verbose headers   vary: 'Accept-Encoding',
99 verbose headers   server: 'cloudflare',
99 verbose headers   'content-encoding': 'gzip' }
100 silly get cb [ 200,
100 silly get   { date: 'Thu, 05 Jul 2018 07:37:49 GMT',
100 silly get     'content-type': 'application/json; charset=UTF-8',
100 silly get     'transfer-encoding': 'chunked',
100 silly get     connection: 'keep-alive',
100 silly get     'set-cookie':
100 silly get      [ '__cfduid=dcb9ee1c75b410868801bacf30a6426981530776268; expires=Fri, 05-Jul-19 07:37:48 GMT; path=/; domain=.registry.npmjs.org; HttpOnly' ],
100 silly get     'cache-control': 'public, max-age=14400',
100 silly get     'cf-cache-status': 'REVALIDATED',
100 silly get     'cf-ray': '43582b1b3ff74421-BRU',
100 silly get     etag: 'W/"d4344b7292362c40af5de656180bb10e"',
100 silly get     'expect-ct': 'max-age=604800, report-uri="https://report-uri.cloudflare.com/cdn-cgi/beacon/expect-ct"',
100 silly get     'last-modified': 'Thu, 28 Jun 2018 10:58:54 GMT',
100 silly get     vary: 'Accept-Encoding',
100 silly get     server: 'cloudflare',
100 silly get     'content-encoding': 'gzip' } ]
101 verbose get saving @ng-toolkit/serverless to /home/niels/.npm/registry.npmjs.org/_40ng-toolkit_252fserverless/.cache.json
102 silly resolveWithNewModule @ng-toolkit/serverless@1.1.31 checking installable status
103 silly cache add args [ '@ng-toolkit/serverless@1.1.31', null ]
104 verbose cache add spec @ng-toolkit/serverless@1.1.31
105 silly cache add parsed spec Result {
105 silly cache add   raw: '@ng-toolkit/serverless@1.1.31',
105 silly cache add   scope: '@ng-toolkit',
105 silly cache add   name: '@ng-toolkit/serverless',
105 silly cache add   rawSpec: '1.1.31',
105 silly cache add   spec: '1.1.31',
105 silly cache add   type: 'version' }
106 silly addNamed @ng-toolkit/serverless@1.1.31
107 verbose addNamed "1.1.31" is a plain semver version for @ng-toolkit/serverless
108 silly mapToRegistry name @ng-toolkit/serverless
109 silly mapToRegistry scope (from package name) @ng-toolkit
110 verbose mapToRegistry no registry URL found in name for scope @ng-toolkit
111 silly mapToRegistry using default registry
112 silly mapToRegistry registry https://registry.npmjs.org/
113 silly mapToRegistry uri https://registry.npmjs.org/@ng-toolkit%2fserverless
114 verbose addNameVersion registry:https://registry.npmjs.org/@ng-toolkit%2fserverless not in flight; fetching
115 verbose get https://registry.npmjs.org/@ng-toolkit%2fserverless not expired, no request
116 silly mapToRegistry name @ng-toolkit/serverless
117 silly mapToRegistry scope (from package name) @ng-toolkit
118 verbose mapToRegistry no registry URL found in name for scope @ng-toolkit
119 silly mapToRegistry using default registry
120 silly mapToRegistry registry https://registry.npmjs.org/
121 silly mapToRegistry uri https://registry.npmjs.org/@ng-toolkit%2fserverless
122 verbose addRemoteTarball https://registry.npmjs.org/@ng-toolkit/serverless/-/serverless-1.1.31.tgz not in flight; adding
123 verbose addRemoteTarball [ 'https://registry.npmjs.org/@ng-toolkit/serverless/-/serverless-1.1.31.tgz',
123 verbose addRemoteTarball   'ec2161e8f381742f13a425c4b2f230d49ab1268a' ]
124 info retry fetch attempt 1 at 09:37:49
125 info attempt registry request try #1 at 09:37:49
126 http fetch GET https://registry.npmjs.org/@ng-toolkit/serverless/-/serverless-1.1.31.tgz
127 http fetch 200 https://registry.npmjs.org/@ng-toolkit/serverless/-/serverless-1.1.31.tgz
128 silly fetchAndShaCheck shasum ec2161e8f381742f13a425c4b2f230d49ab1268a
129 verbose addTmpTarball /tmp/npm-6768-1a97a32c/registry.npmjs.org/_40ng-toolkit/serverless/-/serverless-1.1.31.tgz not in flight; adding
130 verbose addTmpTarball already have metadata; skipping unpack for @ng-toolkit/serverless@1.1.31
131 silly cache afterAdd @ng-toolkit/serverless@1.1.31
132 verbose afterAdd /home/niels/.npm/@ng-toolkit/serverless/1.1.31/package/package.json not in flight; writing
133 verbose afterAdd /home/niels/.npm/@ng-toolkit/serverless/1.1.31/package/package.json written
134 http 200 https://registry.npmjs.org/bugsnag
135 verbose headers { date: 'Thu, 05 Jul 2018 07:37:53 GMT',
135 verbose headers   'content-type': 'application/json; charset=UTF-8',
135 verbose headers   'transfer-encoding': 'chunked',
135 verbose headers   connection: 'keep-alive',
135 verbose headers   'set-cookie':
135 verbose headers    [ '__cfduid=d3a57f23271c997f8032a7b9627faf3f71530776268; expires=Fri, 05-Jul-19 07:37:48 GMT; path=/; domain=.registry.npmjs.org; HttpOnly' ],
135 verbose headers   'content-encoding': 'gzip',
135 verbose headers   'accept-ranges': 'bytes',
135 verbose headers   age: '0',
135 verbose headers   'cache-control': 'max-age=300',
135 verbose headers   'cf-ray': '43582b1b59754439-BRU',
135 verbose headers   etag: 'W/"5b2d033f-15257"',
135 verbose headers   'expect-ct': 'max-age=604800, report-uri="https://report-uri.cloudflare.com/cdn-cgi/beacon/expect-ct"',
135 verbose headers   'last-modified': 'Fri, 22 Jun 2018 14:10:07 GMT',
135 verbose headers   vary: 'accept-encoding, accept',
135 verbose headers   via: '1.1 varnish (Varnish/5.2)',
135 verbose headers   'x-varnish': '3001311',
135 verbose headers   server: 'cloudflare' }
136 silly get cb [ 200,
136 silly get   { date: 'Thu, 05 Jul 2018 07:37:53 GMT',
136 silly get     'content-type': 'application/json; charset=UTF-8',
136 silly get     'transfer-encoding': 'chunked',
136 silly get     connection: 'keep-alive',
136 silly get     'set-cookie':
136 silly get      [ '__cfduid=d3a57f23271c997f8032a7b9627faf3f71530776268; expires=Fri, 05-Jul-19 07:37:48 GMT; path=/; domain=.registry.npmjs.org; HttpOnly' ],
136 silly get     'content-encoding': 'gzip',
136 silly get     'accept-ranges': 'bytes',
136 silly get     age: '0',
136 silly get     'cache-control': 'max-age=300',
136 silly get     'cf-ray': '43582b1b59754439-BRU',
136 silly get     etag: 'W/"5b2d033f-15257"',
136 silly get     'expect-ct': 'max-age=604800, report-uri="https://report-uri.cloudflare.com/cdn-cgi/beacon/expect-ct"',
136 silly get     'last-modified': 'Fri, 22 Jun 2018 14:10:07 GMT',
136 silly get     vary: 'accept-encoding, accept',
136 silly get     via: '1.1 varnish (Varnish/5.2)',
136 silly get     'x-varnish': '3001311',
136 silly get     server: 'cloudflare' } ]
137 verbose get saving bugsnag to /home/niels/.npm/registry.npmjs.org/bugsnag/.cache.json
138 silly resolveWithNewModule bugsnag@2.4.3 checking installable status
139 silly cache add args [ 'bugsnag@^2.4.2', null ]
140 verbose cache add spec bugsnag@^2.4.2
141 silly cache add parsed spec Result {
141 silly cache add   raw: 'bugsnag@^2.4.2',
141 silly cache add   scope: null,
141 silly cache add   name: 'bugsnag',
141 silly cache add   rawSpec: '^2.4.2',
141 silly cache add   spec: '>=2.4.2 <3.0.0',
141 silly cache add   type: 'range' }
142 silly addNamed bugsnag@>=2.4.2 <3.0.0
143 verbose addNamed ">=2.4.2 <3.0.0" is a valid semver range for bugsnag
144 silly addNameRange { name: 'bugsnag', range: '>=2.4.2 <3.0.0', hasData: false }
145 silly mapToRegistry name bugsnag
146 silly mapToRegistry using default registry
147 silly mapToRegistry registry https://registry.npmjs.org/
148 silly mapToRegistry uri https://registry.npmjs.org/bugsnag
149 verbose addNameRange registry:https://registry.npmjs.org/bugsnag not in flight; fetching
150 verbose get https://registry.npmjs.org/bugsnag not expired, no request
151 silly addNameRange number 2 { name: 'bugsnag', range: '>=2.4.2 <3.0.0', hasData: true }
152 silly addNameRange versions [ 'bugsnag',
152 silly addNameRange   [ '0.1.0',
152 silly addNameRange     '0.1.1',
152 silly addNameRange     '0.1.2',
152 silly addNameRange     '0.1.3',
152 silly addNameRange     '0.1.4',
152 silly addNameRange     '0.1.5',
152 silly addNameRange     '0.1.6',
152 silly addNameRange     '0.1.7',
152 silly addNameRange     '0.1.8',
152 silly addNameRange     '0.1.9',
152 silly addNameRange     '0.1.10',
152 silly addNameRange     '0.1.11',
152 silly addNameRange     '0.1.12',
152 silly addNameRange     '0.1.13',
152 silly addNameRange     '0.1.14',
152 silly addNameRange     '1.0.0-rc1',
152 silly addNameRange     '1.0.0-rc2',
152 silly addNameRange     '1.0.0',
152 silly addNameRange     '1.0.1',
152 silly addNameRange     '1.0.2',
152 silly addNameRange     '1.0.3',
152 silly addNameRange     '1.1.0',
152 silly addNameRange     '1.1.1',
152 silly addNameRange     '1.1.2',
152 silly addNameRange     '1.1.3',
152 silly addNameRange     '1.1.4',
152 silly addNameRange     '1.1.5',
152 silly addNameRange     '1.2.0',
152 silly addNameRange     '1.3.0',
152 silly addNameRange     '1.3.2',
152 silly addNameRange     '1.4.0',
152 silly addNameRange     '1.5.0',
152 silly addNameRange     '1.5.1',
152 silly addNameRange     '1.6.0',
152 silly addNameRange     '1.6.1',
152 silly addNameRange     '1.6.2',
152 silly addNameRange     '1.6.3',
152 silly addNameRange     '1.6.4',
152 silly addNameRange     '1.6.5',
152 silly addNameRange     '1.6.6',
152 silly addNameRange     '1.7.0',
152 silly addNameRange     '1.8.0',
152 silly addNameRange     '1.9.0',
152 silly addNameRange     '1.9.1',
152 silly addNameRange     '1.10.0',
152 silly addNameRange     '1.11.0',
152 silly addNameRange     '1.12.0',
152 silly addNameRange     '1.12.1',
152 silly addNameRange     '1.12.2',
152 silly addNameRange     '2.0.0',
152 silly addNameRange     '2.0.1',
152 silly addNameRange     '2.1.0-0',
152 silly addNameRange     '2.1.0',
152 silly addNameRange     '2.1.1',
152 silly addNameRange     '2.1.2',
152 silly addNameRange     '2.1.3',
152 silly addNameRange     '2.2.0',
152 silly addNameRange     '2.3.0',
152 silly addNameRange     '2.3.1',
152 silly addNameRange     '2.4.0',
152 silly addNameRange     '2.4.1',
152 silly addNameRange     '2.4.2',
152 silly addNameRange     '2.4.3' ] ]
153 silly addNamed bugsnag@2.4.3
154 verbose addNamed "2.4.3" is a plain semver version for bugsnag
155 silly mapToRegistry name bugsnag
156 silly mapToRegistry using default registry
157 silly mapToRegistry registry https://registry.npmjs.org/
158 silly mapToRegistry uri https://registry.npmjs.org/bugsnag
159 verbose addRemoteTarball https://registry.npmjs.org/bugsnag/-/bugsnag-2.4.3.tgz not in flight; adding
160 verbose addRemoteTarball [ 'https://registry.npmjs.org/bugsnag/-/bugsnag-2.4.3.tgz',
160 verbose addRemoteTarball   'c63129d6a95b9719774ac941537412300fc79044' ]
161 info retry fetch attempt 1 at 09:37:54
162 info attempt registry request try #1 at 09:37:54
163 http fetch GET https://registry.npmjs.org/bugsnag/-/bugsnag-2.4.3.tgz
164 http fetch 200 https://registry.npmjs.org/bugsnag/-/bugsnag-2.4.3.tgz
165 silly fetchAndShaCheck shasum c63129d6a95b9719774ac941537412300fc79044
166 verbose addTmpTarball /tmp/npm-6768-1a97a32c/registry.npmjs.org/bugsnag/-/bugsnag-2.4.3.tgz not in flight; adding
167 verbose addTmpTarball already have metadata; skipping unpack for bugsnag@2.4.3
168 silly cache afterAdd bugsnag@2.4.3
169 verbose afterAdd /home/niels/.npm/bugsnag/2.4.3/package/package.json not in flight; writing
170 verbose afterAdd /home/niels/.npm/bugsnag/2.4.3/package/package.json written
171 silly rollbackFailedOptional Starting
172 silly rollbackFailedOptional Finishing
173 silly runTopLevelLifecycles Starting
174 silly runTopLevelLifecycles Finishing
175 silly install printInstalled
176 verbose stack Error: ENOENT: no such file or directory, open '/home/niels/Documenten/Sites/ngupdate/@ng-toolkit/_utils@1.1.31'
177 verbose cwd /home/niels/Documenten/Sites/ngupdate
178 error Linux 4.15.0-23-generic
179 error argv "/usr/bin/node" "/usr/bin/npm" "install" "--quiet" "@ng-toolkit/universal"
180 error node v8.10.0
181 error npm  v3.5.2
182 error path /home/niels/Documenten/Sites/ngupdate/@ng-toolkit/_utils@1.1.31
183 error code ENOENT
184 error errno -2
185 error syscall open
186 error enoent ENOENT: no such file or directory, open '/home/niels/Documenten/Sites/ngupdate/@ng-toolkit/_utils@1.1.31'
187 error enoent ENOENT: no such file or directory, open '/home/niels/Documenten/Sites/ngupdate/@ng-toolkit/_utils@1.1.31'
187 error enoent This is most likely not a problem with npm itself
187 error enoent and is related to npm not being able to find a file.
188 verbose exit [ -2, true ]
